[0.321s] DEBUG:colcon:Command line arguments: ['/usr/bin/colcon', 'build', '--symlink-install']
[0.322s] DEBUG:colcon:Parsed command line arguments: Namespace(allow_overriding=[], ament_cmake_args=None, base_paths=['.'], build_base='build', catkin_cmake_args=None, catkin_skip_building_tests=False, cmake_args=None, cmake_clean_cache=False, cmake_clean_first=False, cmake_force_configure=False, cmake_target=None, cmake_target_skip_unavailable=False, continue_on_error=False, event_handlers=None, executor='parallel', ignore_user_meta=False, install_base='install', log_base=None, log_level=None, main=<bound method BuildVerb.main of <colcon_core.verb.build.BuildVerb object at 0x7f33df368340>>, merge_install=False, metas=['./colcon.meta'], packages_above=None, packages_above_and_dependencies=None, packages_above_depth=None, packages_end=None, packages_ignore=None, packages_ignore_regex=None, packages_select=None, packages_select_build_failed=False, packages_select_by_dep=None, packages_select_regex=None, packages_select_test_failures=False, packages_skip=None, packages_skip_build_finished=False, packages_skip_by_dep=None, packages_skip_regex=None, packages_skip_test_passed=False, packages_skip_up_to=None, packages_start=None, packages_up_to=None, packages_up_to_regex=None, parallel_workers=4, paths=None, symlink_install=True, test_result_base=None, verb_extension=<colcon_core.verb.build.BuildVerb object at 0x7f33df368340>, verb_name='build', verb_parser=<colcon_defaults.argument_parser.defaults.DefaultArgumentsDecorator object at 0x7f33df368880>)
[0.374s] Level 1:colcon.colcon_core.package_discovery:discover_packages(colcon_meta) check parameters
[0.374s] Level 1:colcon.colcon_core.package_discovery:discover_packages(recursive) check parameters
[0.375s] Level 1:colcon.colcon_core.package_discovery:discover_packages(ignore) check parameters
[0.375s] Level 1:colcon.colcon_core.package_discovery:discover_packages(path) check parameters
[0.375s] Level 1:colcon.colcon_core.package_discovery:discover_packages(colcon_meta) discover
[0.375s] Level 1:colcon.colcon_core.package_discovery:discover_packages(recursive) discover
[0.375s] INFO:colcon.colcon_core.package_discovery:Crawling recursively for packages in '/home/rover/ros2-workspaces/sixbot/src/my_bot'
[0.375s] Level 1:colcon.colcon_core.package_identification:_identify(.) by extensions ['ignore', 'ignore_ament_install']
[0.376s] Level 1:colcon.colcon_core.package_identification:_identify(.) by extension 'ignore'
[0.376s] Level 1:colcon.colcon_core.package_identification:_identify(.) by extension 'ignore_ament_install'
[0.376s] Level 1:colcon.colcon_core.package_identification:_identify(.) by extensions ['colcon_pkg']
[0.376s] Level 1:colcon.colcon_core.package_identification:_identify(.) by extension 'colcon_pkg'
[0.377s] Level 1:colcon.colcon_core.package_identification:_identify(.) by extensions ['colcon_meta']
[0.377s] Level 1:colcon.colcon_core.package_identification:_identify(.) by extension 'colcon_meta'
[0.377s] Level 1:colcon.colcon_core.package_identification:_identify(.) by extensions ['ros']
[0.377s] Level 1:colcon.colcon_core.package_identification:_identify(.) by extension 'ros'
[0.409s] DEBUG:colcon.colcon_core.package_identification:Package '.' with type 'ros.ament_cmake' and name 'sixbot'
[0.409s] Level 1:colcon.colcon_core.package_discovery:discover_packages(recursive) using defaults
[0.409s] Level 1:colcon.colcon_core.package_discovery:discover_packages(ignore) discover
[0.409s] Level 1:colcon.colcon_core.package_discovery:discover_packages(ignore) using defaults
[0.409s] Level 1:colcon.colcon_core.package_discovery:discover_packages(path) discover
[0.409s] Level 1:colcon.colcon_core.package_discovery:discover_packages(path) using defaults
[0.494s] Level 1:colcon.colcon_core.package_discovery:discover_packages(prefix_path) check parameters
[0.494s] Level 1:colcon.colcon_core.package_discovery:discover_packages(prefix_path) discover
[0.499s] DEBUG:colcon.colcon_installed_package_information.package_discovery:Found 1 installed packages in /home/rover/ros2-workspaces/urdf-ws/install
[0.502s] DEBUG:colcon.colcon_installed_package_information.package_discovery:Found 266 installed packages in /opt/ros/foxy
[0.504s] Level 1:colcon.colcon_core.package_discovery:discover_packages(prefix_path) using defaults
[0.671s] Level 5:colcon.colcon_core.verb:set package 'sixbot' build argument 'cmake_args' from command line to 'None'
[0.671s] Level 5:colcon.colcon_core.verb:set package 'sixbot' build argument 'cmake_target' from command line to 'None'
[0.671s] Level 5:colcon.colcon_core.verb:set package 'sixbot' build argument 'cmake_target_skip_unavailable' from command line to 'False'
[0.671s] Level 5:colcon.colcon_core.verb:set package 'sixbot' build argument 'cmake_clean_cache' from command line to 'False'
[0.671s] Level 5:colcon.colcon_core.verb:set package 'sixbot' build argument 'cmake_clean_first' from command line to 'False'
[0.672s] Level 5:colcon.colcon_core.verb:set package 'sixbot' build argument 'cmake_force_configure' from command line to 'False'
[0.672s] Level 5:colcon.colcon_core.verb:set package 'sixbot' build argument 'ament_cmake_args' from command line to 'None'
[0.672s] Level 5:colcon.colcon_core.verb:set package 'sixbot' build argument 'catkin_cmake_args' from command line to 'None'
[0.672s] Level 5:colcon.colcon_core.verb:set package 'sixbot' build argument 'catkin_skip_building_tests' from command line to 'False'
[0.672s] DEBUG:colcon.colcon_core.verb:Building package 'sixbot' with the following arguments: {'ament_cmake_args': None, 'build_base': '/home/rover/ros2-workspaces/sixbot/src/my_bot/build/sixbot', 'catkin_cmake_args': None, 'catkin_skip_building_tests': False, 'cmake_args': None, 'cmake_clean_cache': False, 'cmake_clean_first': False, 'cmake_force_configure': False, 'cmake_target': None, 'cmake_target_skip_unavailable': False, 'install_base': '/home/rover/ros2-workspaces/sixbot/src/my_bot/install/sixbot', 'merge_install': False, 'path': '/home/rover/ros2-workspaces/sixbot/src/my_bot', 'symlink_install': True, 'test_result_base': None}
[0.674s] INFO:colcon.colcon_core.executor:Executing jobs using 'parallel' executor
[0.686s] DEBUG:colcon.colcon_parallel_executor.executor.parallel:run_until_complete
[0.687s] INFO:colcon.colcon_ros.task.ament_cmake.build:Building ROS package in '/home/rover/ros2-workspaces/sixbot/src/my_bot' with build type 'ament_cmake'
[0.689s] INFO:colcon.colcon_cmake.task.cmake.build:Building CMake package in '/home/rover/ros2-workspaces/sixbot/src/my_bot'
[0.695s] INFO:colcon.colcon_core.plugin_system:Skipping extension 'colcon_core.shell.bat': Not used on non-Windows systems
[0.695s] INFO:colcon.colcon_core.shell:Skip shell extension 'powershell' for command environment: Not usable outside of PowerShell
[0.695s] DEBUG:colcon.colcon_core.shell:Skip shell extension 'dsv' for command environment
[0.724s] DEBUG:colcon.colcon_core.event_handler.log_command:Invoking command in '/home/rover/ros2-workspaces/sixbot/src/my_bot/build/sixbot': CMAKE_PREFIX_PATH=${CMAKE_PREFIX_PATH}:/opt/ros/foxy /usr/bin/cmake /home/rover/ros2-workspaces/sixbot/src/my_bot -DAMENT_CMAKE_SYMLINK_INSTALL=1 -DCMAKE_INSTALL_PREFIX=/home/rover/ros2-workspaces/sixbot/src/my_bot/install/sixbot
[3.285s] DEBUG:colcon.colcon_core.event_handler.log_command:Invoked command in '/home/rover/ros2-workspaces/sixbot/src/my_bot/build/sixbot' returned '0': CMAKE_PREFIX_PATH=${CMAKE_PREFIX_PATH}:/opt/ros/foxy /usr/bin/cmake /home/rover/ros2-workspaces/sixbot/src/my_bot -DAMENT_CMAKE_SYMLINK_INSTALL=1 -DCMAKE_INSTALL_PREFIX=/home/rover/ros2-workspaces/sixbot/src/my_bot/install/sixbot
[3.289s] DEBUG:colcon.colcon_core.event_handler.log_command:Invoking command in '/home/rover/ros2-workspaces/sixbot/src/my_bot/build/sixbot': CMAKE_PREFIX_PATH=${CMAKE_PREFIX_PATH}:/opt/ros/foxy /usr/bin/cmake --build /home/rover/ros2-workspaces/sixbot/src/my_bot/build/sixbot -- -j4 -l4
[3.443s] DEBUG:colcon.colcon_core.event_handler.log_command:Invoked command in '/home/rover/ros2-workspaces/sixbot/src/my_bot/build/sixbot' returned '0': CMAKE_PREFIX_PATH=${CMAKE_PREFIX_PATH}:/opt/ros/foxy /usr/bin/cmake --build /home/rover/ros2-workspaces/sixbot/src/my_bot/build/sixbot -- -j4 -l4
[3.543s] DEBUG:colcon.colcon_core.event_handler.log_command:Invoking command in '/home/rover/ros2-workspaces/sixbot/src/my_bot/build/sixbot': CMAKE_PREFIX_PATH=${CMAKE_PREFIX_PATH}:/opt/ros/foxy /usr/bin/cmake --install /home/rover/ros2-workspaces/sixbot/src/my_bot/build/sixbot
[4.152s] Level 1:colcon.colcon_core.environment:create_environment_scripts_only(sixbot)
[4.162s] DEBUG:colcon.colcon_core.event_handler.log_command:Invoked command in '/home/rover/ros2-workspaces/sixbot/src/my_bot/build/sixbot' returned '0': CMAKE_PREFIX_PATH=${CMAKE_PREFIX_PATH}:/opt/ros/foxy /usr/bin/cmake --install /home/rover/ros2-workspaces/sixbot/src/my_bot/build/sixbot
[4.172s] Level 1:colcon.colcon_core.environment:checking '/home/rover/ros2-workspaces/sixbot/src/my_bot/install/sixbot' for CMake module files
[4.174s] Level 1:colcon.colcon_core.environment:checking '/home/rover/ros2-workspaces/sixbot/src/my_bot/install/sixbot' for CMake config files
[4.177s] Level 1:colcon.colcon_core.shell:create_environment_hook('sixbot', 'cmake_prefix_path')
[4.180s] INFO:colcon.colcon_core.shell:Creating environment hook '/home/rover/ros2-workspaces/sixbot/src/my_bot/install/sixbot/share/sixbot/hook/cmake_prefix_path.ps1'
[4.181s] INFO:colcon.colcon_core.shell:Creating environment descriptor '/home/rover/ros2-workspaces/sixbot/src/my_bot/install/sixbot/share/sixbot/hook/cmake_prefix_path.dsv'
[4.182s] INFO:colcon.colcon_core.shell:Creating environment hook '/home/rover/ros2-workspaces/sixbot/src/my_bot/install/sixbot/share/sixbot/hook/cmake_prefix_path.sh'
[4.183s] Level 1:colcon.colcon_core.environment:checking '/home/rover/ros2-workspaces/sixbot/src/my_bot/install/sixbot/bin'
[4.183s] Level 1:colcon.colcon_core.environment:checking '/home/rover/ros2-workspaces/sixbot/src/my_bot/install/sixbot/lib/pkgconfig/sixbot.pc'
[4.184s] Level 1:colcon.colcon_core.environment:checking '/home/rover/ros2-workspaces/sixbot/src/my_bot/install/sixbot/lib/python3.8/site-packages'
[4.184s] Level 1:colcon.colcon_core.environment:checking '/home/rover/ros2-workspaces/sixbot/src/my_bot/install/sixbot/bin'
[4.187s] INFO:colcon.colcon_core.shell:Creating package script '/home/rover/ros2-workspaces/sixbot/src/my_bot/install/sixbot/share/sixbot/package.ps1'
[4.189s] INFO:colcon.colcon_core.shell:Creating package descriptor '/home/rover/ros2-workspaces/sixbot/src/my_bot/install/sixbot/share/sixbot/package.dsv'
[4.193s] INFO:colcon.colcon_core.shell:Creating package script '/home/rover/ros2-workspaces/sixbot/src/my_bot/install/sixbot/share/sixbot/package.sh'
[4.195s] INFO:colcon.colcon_core.shell:Creating package script '/home/rover/ros2-workspaces/sixbot/src/my_bot/install/sixbot/share/sixbot/package.bash'
[4.197s] INFO:colcon.colcon_core.shell:Creating package script '/home/rover/ros2-workspaces/sixbot/src/my_bot/install/sixbot/share/sixbot/package.zsh'
[4.198s] Level 1:colcon.colcon_core.environment:create_file_with_runtime_dependencies(/home/rover/ros2-workspaces/sixbot/src/my_bot/install/sixbot/share/colcon-core/packages/sixbot)
[4.372s] Level 1:colcon.colcon_core.environment:create_environment_scripts_only(sixbot)
[4.386s] Level 1:colcon.colcon_core.environment:checking '/home/rover/ros2-workspaces/sixbot/src/my_bot/install/sixbot' for CMake module files
[4.389s] Level 1:colcon.colcon_core.environment:checking '/home/rover/ros2-workspaces/sixbot/src/my_bot/install/sixbot' for CMake config files
[4.390s] Level 1:colcon.colcon_core.shell:create_environment_hook('sixbot', 'cmake_prefix_path')
[4.392s] INFO:colcon.colcon_core.shell:Creating environment hook '/home/rover/ros2-workspaces/sixbot/src/my_bot/install/sixbot/share/sixbot/hook/cmake_prefix_path.ps1'
[4.393s] INFO:colcon.colcon_core.shell:Creating environment descriptor '/home/rover/ros2-workspaces/sixbot/src/my_bot/install/sixbot/share/sixbot/hook/cmake_prefix_path.dsv'
[4.394s] INFO:colcon.colcon_core.shell:Creating environment hook '/home/rover/ros2-workspaces/sixbot/src/my_bot/install/sixbot/share/sixbot/hook/cmake_prefix_path.sh'
[4.394s] Level 1:colcon.colcon_core.environment:checking '/home/rover/ros2-workspaces/sixbot/src/my_bot/install/sixbot/bin'
[4.395s] Level 1:colcon.colcon_core.environment:checking '/home/rover/ros2-workspaces/sixbot/src/my_bot/install/sixbot/lib/pkgconfig/sixbot.pc'
[4.395s] Level 1:colcon.colcon_core.environment:checking '/home/rover/ros2-workspaces/sixbot/src/my_bot/install/sixbot/lib/python3.8/site-packages'
[4.397s] Level 1:colcon.colcon_core.environment:checking '/home/rover/ros2-workspaces/sixbot/src/my_bot/install/sixbot/bin'
[4.401s] INFO:colcon.colcon_core.shell:Creating package script '/home/rover/ros2-workspaces/sixbot/src/my_bot/install/sixbot/share/sixbot/package.ps1'
[4.402s] INFO:colcon.colcon_core.shell:Creating package descriptor '/home/rover/ros2-workspaces/sixbot/src/my_bot/install/sixbot/share/sixbot/package.dsv'
[4.403s] INFO:colcon.colcon_core.shell:Creating package script '/home/rover/ros2-workspaces/sixbot/src/my_bot/install/sixbot/share/sixbot/package.sh'
[4.404s] INFO:colcon.colcon_core.shell:Creating package script '/home/rover/ros2-workspaces/sixbot/src/my_bot/install/sixbot/share/sixbot/package.bash'
[4.405s] INFO:colcon.colcon_core.shell:Creating package script '/home/rover/ros2-workspaces/sixbot/src/my_bot/install/sixbot/share/sixbot/package.zsh'
[4.406s] Level 1:colcon.colcon_core.environment:create_file_with_runtime_dependencies(/home/rover/ros2-workspaces/sixbot/src/my_bot/install/sixbot/share/colcon-core/packages/sixbot)
[4.407s] DEBUG:colcon.colcon_parallel_executor.executor.parallel:closing loop
[4.407s] DEBUG:colcon.colcon_parallel_executor.executor.parallel:loop closed
[4.407s] DEBUG:colcon.colcon_parallel_executor.executor.parallel:run_until_complete finished with '0'
[4.407s] DEBUG:colcon.colcon_core.event_reactor:joining thread
[4.434s] INFO:colcon.colcon_core.plugin_system:Skipping extension 'colcon_notification.desktop_notification.terminal_notifier': Not used on non-Darwin systems
[4.435s] INFO:colcon.colcon_core.plugin_system:Skipping extension 'colcon_notification.desktop_notification.win32': Not used on non-Windows systems
[4.436s] INFO:colcon.colcon_notification.desktop_notification:Sending desktop notification using 'notify2'
[4.534s] DEBUG:colcon.colcon_core.event_reactor:joined thread
[4.536s] INFO:colcon.colcon_core.shell:Creating prefix script '/home/rover/ros2-workspaces/sixbot/src/my_bot/install/local_setup.ps1'
[4.537s] INFO:colcon.colcon_core.shell:Creating prefix util module '/home/rover/ros2-workspaces/sixbot/src/my_bot/install/_local_setup_util_ps1.py'
[4.545s] INFO:colcon.colcon_core.shell:Creating prefix chain script '/home/rover/ros2-workspaces/sixbot/src/my_bot/install/setup.ps1'
[4.550s] INFO:colcon.colcon_core.shell:Creating prefix script '/home/rover/ros2-workspaces/sixbot/src/my_bot/install/local_setup.sh'
[4.551s] INFO:colcon.colcon_core.shell:Creating prefix util module '/home/rover/ros2-workspaces/sixbot/src/my_bot/install/_local_setup_util_sh.py'
[4.552s] INFO:colcon.colcon_core.shell:Creating prefix chain script '/home/rover/ros2-workspaces/sixbot/src/my_bot/install/setup.sh'
[4.561s] INFO:colcon.colcon_core.shell:Creating prefix script '/home/rover/ros2-workspaces/sixbot/src/my_bot/install/local_setup.bash'
[4.562s] INFO:colcon.colcon_core.shell:Creating prefix chain script '/home/rover/ros2-workspaces/sixbot/src/my_bot/install/setup.bash'
[4.564s] INFO:colcon.colcon_core.shell:Creating prefix script '/home/rover/ros2-workspaces/sixbot/src/my_bot/install/local_setup.zsh'
[4.565s] INFO:colcon.colcon_core.shell:Creating prefix chain script '/home/rover/ros2-workspaces/sixbot/src/my_bot/install/setup.zsh'
