-- The C compiler identification is GNU 9.4.0
-- The CXX compiler identification is GNU 9.4.0
-- Check for working C compiler: /usr/bin/cc
-- Check for working C compiler: /usr/bin/cc -- works
-- Detecting C compiler ABI info
-- Detecting C compiler ABI info - done
-- Detecting C compile features
-- Detecting C compile features - done
-- Check for working CXX compiler: /usr/bin/c++
-- Check for working CXX compiler: /usr/bin/c++ -- works
-- Detecting CXX compiler ABI info
-- Detecting CXX compiler ABI info - done
-- Detecting CXX compile features
-- Detecting CXX compile features - done
-- Found ament_cmake: 0.9.9 (/opt/ros/foxy/share/ament_cmake/cmake)
-- Found PythonInterp: /usr/bin/python3 (found suitable version "3.8.10", minimum required is "3") 
-- Using PYTHON_EXECUTABLE: /usr/bin/python3
-- Override CMake install command with custom implementation using symlinks instead of copying resources
-- Found ament_lint_auto: 0.9.6 (/opt/ros/foxy/share/ament_lint_auto/cmake)
-- Added test 'copyright' to check source files copyright and LICENSE
-- Added test 'cppcheck' to perform static code analysis on C / C++ code
-- Configured cppcheck include dirs: 
-- Configured cppcheck exclude dirs and/or files: 
-- Added test 'cpplint' to check C / C++ code against the Google style
-- Configured cpplint exclude dirs and/or files: 
-- Added test 'flake8' to check Python code syntax and style conventions
-- Added test 'lint_cmake' to check CMake code style
-- Added test 'pep257' to check Python code against some of the style conventions in PEP 257
-- Added test 'uncrustify' to check C / C++ code style
-- Configured uncrustify additional arguments: 
-- Added test 'xmllint' to check XML markup files
-- Configuring done
-- Generating done
-- Build files have been written to: /home/rover/ros2-workspaces/sixbot/src/my_bot/build/sixbot
-- Install configuration: ""
-- Execute custom install script
-- Symlinking: /home/rover/ros2-workspaces/sixbot/src/my_bot/install/sixbot/share/sixbot/config/empty.yaml
-- Symlinking: /home/rover/ros2-workspaces/sixbot/src/my_bot/install/sixbot/share/sixbot/description/robot.urdf.xacro
-- Symlinking: /home/rover/ros2-workspaces/sixbot/src/my_bot/install/sixbot/share/sixbot/launch/rsp.launch.py
-- Symlinking: /home/rover/ros2-workspaces/sixbot/src/my_bot/install/sixbot/share/sixbot/worlds/empty.world
-- Symlinking: /home/rover/ros2-workspaces/sixbot/src/my_bot/install/sixbot/share/ament_index/resource_index/package_run_dependencies/sixbot
-- Symlinking: /home/rover/ros2-workspaces/sixbot/src/my_bot/install/sixbot/share/ament_index/resource_index/parent_prefix_path/sixbot
-- Symlinking: /home/rover/ros2-workspaces/sixbot/src/my_bot/install/sixbot/share/sixbot/environment/ament_prefix_path.sh
-- Symlinking: /home/rover/ros2-workspaces/sixbot/src/my_bot/install/sixbot/share/sixbot/environment/ament_prefix_path.dsv
-- Symlinking: /home/rover/ros2-workspaces/sixbot/src/my_bot/install/sixbot/share/sixbot/environment/path.sh
-- Symlinking: /home/rover/ros2-workspaces/sixbot/src/my_bot/install/sixbot/share/sixbot/environment/path.dsv
-- Symlinking: /home/rover/ros2-workspaces/sixbot/src/my_bot/install/sixbot/share/sixbot/local_setup.bash
-- Symlinking: /home/rover/ros2-workspaces/sixbot/src/my_bot/install/sixbot/share/sixbot/local_setup.sh
-- Symlinking: /home/rover/ros2-workspaces/sixbot/src/my_bot/install/sixbot/share/sixbot/local_setup.zsh
-- Symlinking: /home/rover/ros2-workspaces/sixbot/src/my_bot/install/sixbot/share/sixbot/local_setup.dsv
-- Symlinking: /home/rover/ros2-workspaces/sixbot/src/my_bot/install/sixbot/share/sixbot/package.dsv
-- Symlinking: /home/rover/ros2-workspaces/sixbot/src/my_bot/install/sixbot/share/ament_index/resource_index/packages/sixbot
-- Symlinking: /home/rover/ros2-workspaces/sixbot/src/my_bot/install/sixbot/share/sixbot/cmake/sixbotConfig.cmake
-- Symlinking: /home/rover/ros2-workspaces/sixbot/src/my_bot/install/sixbot/share/sixbot/cmake/sixbotConfig-version.cmake
-- Symlinking: /home/rover/ros2-workspaces/sixbot/src/my_bot/install/sixbot/share/sixbot/package.xml
